[2026-04-27 17:22:30] FATAL: Swift binary not found at /Users/zac/scanner-to-notes/bin/process_scan — run install.sh
[2026-04-27 17:25:38] FATAL: Swift binary not found at /Users/zac/scanner-to-notes/bin/process_scan — run install.sh
[2026-04-27 17:25:49] FATAL: Swift binary not found at /Users/zac/scanner-to-notes/bin/process_scan — run install.sh
[2026-04-27 17:29:52] Scanning /Users/zac/Dropbox/Scanner for new PDFs...
[2026-04-27 17:29:52] Scanning /Users/zac/Dropbox/Scanner for new PDFs...
[2026-04-27 17:29:52] Done — found 0 PDF(s), processed 0 new.
[2026-04-27 17:29:52] Done — found 0 PDF(s), processed 0 new.
[2026-04-27 17:30:03] Scanning /Users/zac/Dropbox/Scanner for new PDFs...
[2026-04-27 17:30:03] Scanning /Users/zac/Dropbox/Scanner for new PDFs...
[2026-04-27 17:30:03] Done — found 0 PDF(s), processed 0 new.
[2026-04-27 17:30:03] Done — found 0 PDF(s), processed 0 new.
[2026-04-27 17:30:13] Scanning /Users/zac/Dropbox/Scanner for new PDFs...
[2026-04-27 17:30:13] Scanning /Users/zac/Dropbox/Scanner for new PDFs...
[2026-04-27 17:30:15]   Processing: max bc - front.pdf
[2026-04-27 17:30:15]   Processing: max bc - front.pdf
[max bc - front.pdf] Extracting text via OCR...
[max bc - front.pdf] Analysing with Foundation Models...
[2026-04-27 17:30:20]   Title: Max William Schellhardt Birth Certificate
[2026-04-27 17:30:20]   Title: Max William Schellhardt Birth Certificate
[2026-04-27 17:30:20]   Keywords: birth certificate, Max Schellhardt, Seattle, Washington, Courtney Wencklawski, Zachary Schellhardt
[2026-04-27 17:30:20]   Keywords: birth certificate, Max Schellhardt, Seattle, Washington, Courtney Wencklawski, Zachary Schellhardt
AppleScript error: 930:1056: execution error: Notes got an error: Can’t make {file:file "Macintosh HD:Users:zac:Dropbox:Scanner:max bc - front.pdf"} into type properties of attachment. (-1700)
[2026-04-27 17:30:25]   ERROR: Failed to create note for max bc - front.pdf
[2026-04-27 17:30:25]   ERROR: Failed to create note for max bc - front.pdf
[2026-04-27 17:30:25] Done — found 1 PDF(s), processed 0 new.
[2026-04-27 17:30:25] Done — found 1 PDF(s), processed 0 new.
[2026-04-27 17:32:27] Scanning /Users/zac/Dropbox/Scanner for new PDFs...
[2026-04-27 17:32:27] Scanning /Users/zac/Dropbox/Scanner for new PDFs...
[2026-04-27 17:32:29]   Processing: max bc - front.pdf
[2026-04-27 17:32:29]   Processing: max bc - front.pdf
[max bc - front.pdf] Extracting text via OCR...
[max bc - front.pdf] Analysing with Foundation Models...
[2026-04-27 17:32:34]   Title: Washington State Birth Certificate for Max William Schellhardt
[2026-04-27 17:32:34]   Title: Washington State Birth Certificate for Max William Schellhardt
[2026-04-27 17:32:34]   Keywords: birth certificate, Washington, Max William Schellhardt, February 5, 2020, Seattle, Seattle King County, Courtney Rose Wenclawsקי, Zachary Allen Schellhardt
[2026-04-27 17:32:34]   Keywords: birth certificate, Washington, Max William Schellhardt, February 5, 2020, Seattle, Seattle King County, Courtney Rose Wenclawsקי, Zachary Allen Schellhardt
[2026-04-27 17:32:34]   ✓ Note created: Washington State Birth Certificate for Max William Schellhardt
[2026-04-27 17:32:34]   ✓ Note created: Washington State Birth Certificate for Max William Schellhardt
[2026-04-27 17:32:36]   Processing: Jackson - BC front.pdf
[2026-04-27 17:32:36]   Processing: Jackson - BC front.pdf
[Jackson - BC front.pdf] Extracting text via OCR...
[Jackson - BC front.pdf] Analysing with Foundation Models...
[2026-04-27 17:32:40]   Title: Jackson John Schellhardt Birth Certificate
[2026-04-27 17:32:40]   Title: Jackson John Schellhardt Birth Certificate
[2026-04-27 17:32:40]   Keywords: birth certificate, Jackson John Schellhardt, Seattle, Washington, April 19, 2017, parents' names
[2026-04-27 17:32:40]   Keywords: birth certificate, Jackson John Schellhardt, Seattle, Washington, April 19, 2017, parents' names
[2026-04-27 17:32:41]   ✓ Note created: Jackson John Schellhardt Birth Certificate
[2026-04-27 17:32:41]   ✓ Note created: Jackson John Schellhardt Birth Certificate
[2026-04-27 17:32:41] Done — found 2 PDF(s), processed 2 new.
[2026-04-27 17:32:41] Done — found 2 PDF(s), processed 2 new.
